# JRE version: OpenJDK Runtime Environment (8.0_202-b03) (build 1.8.0_202-release-1483-b03)
# Java VM: OpenJDK 64-Bit Server VM (25.202-b03 mixed mode windows-amd64 compressed oops)
Heap:
 PSYoungGen      total 252928K, used 211527K [0x00000000e0000000, 0x00000000f3100000, 0x0000000100000000)
  eden space 227328K, 81% used [0x00000000e0000000,0x00000000eb5aad60,0x00000000ede00000)
  from space 25600K, 99% used [0x00000000f1800000,0x00000000f30e7040,0x00000000f3100000)
  to   space 31744K, 0% used [0x00000000ef300000,0x00000000ef300000,0x00000000f1200000)
 ParOldGen       total 139776K, used 57708K [0x00000000a0000000, 0x00000000a8880000, 0x00000000e0000000)
  object space 139776K, 41% used [0x00000000a0000000,0x00000000a385b3e8,0x00000000a8880000)
 Metaspace       used 83865K, capacity 88736K, committed 88960K, reserved 1126400K
  class space    used 10950K, capacity 11833K, committed 11904K, reserved 1048576K
GC Heap History (10 events):
Event: 20.384 GC heap before
{Heap before GC invocations=17 (full 3):
 PSYoungGen      total 184320K, used 181832K [0x00000000e0000000, 0x00000000ee800000, 0x0000000100000000)
  eden space 167936K, 100% used [0x00000000e0000000,0x00000000ea400000,0x00000000ea400000)
  from space 16384K, 84% used [0x00000000ea400000,0x00000000eb1920f0,0x00000000eb400000)
  to   space 17408K, 0% used [0x00000000ed700000,0x00000000ed700000,0x00000000ee800000)
 ParOldGen       total 139776K, used 33143K [0x00000000a0000000, 0x00000000a8880000, 0x00000000e0000000)
  object space 139776K, 23% used [0x00000000a0000000,0x00000000a205dde8,0x00000000a8880000)
 Metaspace       used 68146K, capacity 70678K, committed 71040K, reserved 1110016K
  class space    used 8931K, capacity 9482K, committed 9600K, reserved 1048576K
Event: 20.444 GC heap after
Heap after GC invocations=17 (full 3):
 PSYoungGen      total 215552K, used 17408K [0x00000000e0000000, 0x00000000ef600000, 0x0000000100000000)
  eden space 198144K, 0% used [0x00000000e0000000,0x00000000e0000000,0x00000000ec180000)
  from space 17408K, 100% used [0x00000000ed700000,0x00000000ee800000,0x00000000ee800000)
  to   space 22016K, 0% used [0x00000000ec180000,0x00000000ec180000,0x00000000ed700000)
 ParOldGen       total 139776K, used 40245K [0x00000000a0000000, 0x00000000a8880000, 0x00000000e0000000)
  object space 139776K, 28% used [0x00000000a0000000,0x00000000a274d4f8,0x00000000a8880000)
 Metaspace       used 68146K, capacity 70678K, committed 71040K, reserved 1110016K
  class space    used 8931K, capacity 9482K, committed 9600K, reserved 1048576K
}
Event: 24.290 GC heap before
{Heap before GC invocations=18 (full 3):
 PSYoungGen      total 215552K, used 215552K [0x00000000e0000000, 0x00000000ef600000, 0x0000000100000000)
  eden space 198144K, 100% used [0x00000000e0000000,0x00000000ec180000,0x00000000ec180000)
  from space 17408K, 100% used [0x00000000ed700000,0x00000000ee800000,0x00000000ee800000)
  to   space 22016K, 0% used [0x00000000ec180000,0x00000000ec180000,0x00000000ed700000)
 ParOldGen       total 139776K, used 40245K [0x00000000a0000000, 0x00000000a8880000, 0x00000000e0000000)
  object space 139776K, 28% used [0x00000000a0000000,0x00000000a274d4f8,0x00000000a8880000)
 Metaspace       used 75728K, capacity 78844K, committed 78976K, reserved 1118208K
  class space    used 9944K, capacity 10568K, committed 10624K, reserved 1048576K
Event: 24.330 GC heap after
Heap after GC invocations=18 (full 3):
 PSYoungGen      total 220160K, used 16660K [0x00000000e0000000, 0x00000000f1a80000, 0x0000000100000000)
  eden space 198144K, 0% used [0x00000000e0000000,0x00000000e0000000,0x00000000ec180000)
  from space 22016K, 75% used [0x00000000ec180000,0x00000000ed1c5398,0x00000000ed700000)
  to   space 23552K, 0% used [0x00000000f0380000,0x00000000f0380000,0x00000000f1a80000)
 ParOldGen       total 139776K, used 57692K [0x00000000a0000000, 0x00000000a8880000, 0x00000000e0000000)
  object space 139776K, 41% used [0x00000000a0000000,0x00000000a38573e8,0x00000000a8880000)
 Metaspace       used 75728K, capacity 78844K, committed 78976K, reserved 1118208K
  class space    used 9944K, capacity 10568K, committed 10624K, reserved 1048576K
}
Event: 1403.452 GC heap before
{Heap before GC invocations=19 (full 3):
 PSYoungGen      total 220160K, used 214804K [0x00000000e0000000, 0x00000000f1a80000, 0x0000000100000000)
  eden space 198144K, 100% used [0x00000000e0000000,0x00000000ec180000,0x00000000ec180000)
  from space 22016K, 75% used [0x00000000ec180000,0x00000000ed1c5398,0x00000000ed700000)
  to   space 23552K, 0% used [0x00000000f0380000,0x00000000f0380000,0x00000000f1a80000)
 ParOldGen       total 139776K, used 57692K [0x00000000a0000000, 0x00000000a8880000, 0x00000000e0000000)
  object space 139776K, 41% used [0x00000000a0000000,0x00000000a38573e8,0x00000000a8880000)
 Metaspace       used 79922K, capacity 84026K, committed 84224K, reserved 1122304K
  class space    used 10498K, capacity 11215K, committed 11264K, reserved 1048576K
Event: 1403.520 GC heap after
Heap after GC invocations=19 (full 3):
 PSYoungGen      total 255488K, used 20518K [0x00000000e0000000, 0x00000000f1800000, 0x0000000100000000)
  eden space 234496K, 0% used [0x00000000e0000000,0x00000000e0000000,0x00000000ee500000)
  from space 20992K, 97% used [0x00000000f0380000,0x00000000f1789818,0x00000000f1800000)
  to   space 25600K, 0% used [0x00000000ee600000,0x00000000ee600000,0x00000000eff00000)
 ParOldGen       total 139776K, used 57700K [0x00000000a0000000, 0x00000000a8880000, 0x00000000e0000000)
  object space 139776K, 41% used [0x00000000a0000000,0x00000000a38593e8,0x00000000a8880000)
 Metaspace       used 79922K, capacity 84026K, committed 84224K, reserved 1122304K
  class space    used 10498K, capacity 11215K, committed 11264K, reserved 1048576K
}
Event: 1452.540 GC heap before
{Heap before GC invocations=20 (full 3):
 PSYoungGen      total 255488K, used 255014K [0x00000000e0000000, 0x00000000f1800000, 0x0000000100000000)
  eden space 234496K, 100% used [0x00000000e0000000,0x00000000ee500000,0x00000000ee500000)
  from space 20992K, 97% used [0x00000000f0380000,0x00000000f1789818,0x00000000f1800000)
  to   space 25600K, 0% used [0x00000000ee600000,0x00000000ee600000,0x00000000eff00000)
 ParOldGen       total 139776K, used 57700K [0x00000000a0000000, 0x00000000a8880000, 0x00000000e0000000)
  object space 139776K, 41% used [0x00000000a0000000,0x00000000a38593e8,0x00000000a8880000)
 Metaspace       used 83046K, capacity 87400K, committed 87552K, reserved 1124352K
  class space    used 10874K, capacity 11697K, committed 11776K, reserved 1048576K
Event: 1452.571 GC heap after
Heap after GC invocations=20 (full 3):
 PSYoungGen      total 261120K, used 24595K [0x00000000e0000000, 0x00000000f3400000, 0x0000000100000000)
  eden space 235520K, 0% used [0x00000000e0000000,0x00000000e0000000,0x00000000ee600000)
  from space 25600K, 96% used [0x00000000ee600000,0x00000000efe04c98,0x00000000eff00000)
  to   space 28672K, 0% used [0x00000000f1800000,0x00000000f1800000,0x00000000f3400000)
 ParOldGen       total 139776K, used 57700K [0x00000000a0000000, 0x00000000a8880000, 0x00000000e0000000)
  object space 139776K, 41% used [0x00000000a0000000,0x00000000a38593e8,0x00000000a8880000)
 Metaspace       used 83046K, capacity 87400K, committed 87552K, reserved 1124352K
  class space    used 10874K, capacity 11697K, committed 11776K, reserved 1048576K
}
Event: 1540.912 GC heap before
{Heap before GC invocations=21 (full 3):
 PSYoungGen      total 261120K, used 260115K [0x00000000e0000000, 0x00000000f3400000, 0x0000000100000000)
  eden space 235520K, 100% used [0x00000000e0000000,0x00000000ee600000,0x00000000ee600000)
  from space 25600K, 96% used [0x00000000ee600000,0x00000000efe04c98,0x00000000eff00000)
  to   space 28672K, 0% used [0x00000000f1800000,0x00000000f1800000,0x00000000f3400000)
 ParOldGen       total 139776K, used 57700K [0x00000000a0000000, 0x00000000a8880000, 0x00000000e0000000)
  object space 139776K, 41% used [0x00000000a0000000,0x00000000a38593e8,0x00000000a8880000)
 Metaspace       used 83456K, capacity 87926K, committed 88064K, reserved 1126400K
  class space    used 10893K, capacity 11730K, committed 11776K, reserved 1048576K
Event: 1540.946 GC heap after
Heap after GC invocations=21 (full 3):
 PSYoungGen      total 252928K, used 25500K [0x00000000e0000000, 0x00000000f3100000, 0x0000000100000000)
  eden space 227328K, 0% used [0x00000000e0000000,0x00000000e0000000,0x00000000ede00000)
  from space 25600K, 99% used [0x00000000f1800000,0x00000000f30e7040,0x00000000f3100000)
  to   space 31744K, 0% used [0x00000000ef300000,0x00000000ef300000,0x00000000f1200000)
 ParOldGen       total 139776K, used 57708K [0x00000000a0000000, 0x00000000a8880000, 0x00000000e0000000)
  object space 139776K, 41% used [0x00000000a0000000,0x00000000a385b3e8,0x00000000a8880000)
 Metaspace       used 83456K, capacity 87926K, committed 88064K, reserved 1126400K
  class space    used 10893K, capacity 11730K, committed 11776K, reserved 1048576K
}

