# JRE version: OpenJDK Runtime Environment (8.0_202-b03) (build 1.8.0_202-release-1483-b03)
# Java VM: OpenJDK 64-Bit Server VM (25.202-b03 mixed mode windows-amd64 compressed oops)
Heap:
 PSYoungGen      total 223232K, used 25242K [0x00000000e0000000, 0x00000000efc80000, 0x0000000100000000)
  eden space 190976K, 2% used [0x00000000e0000000,0x00000000e049b538,0x00000000eba80000)
  from space 32256K, 63% used [0x00000000eda80000,0x00000000eee8b660,0x00000000efa00000)
  to   space 32768K, 0% used [0x00000000eba80000,0x00000000eba80000,0x00000000eda80000)
 ParOldGen       total 141824K, used 73973K [0x00000000a0000000, 0x00000000a8a80000, 0x00000000e0000000)
  object space 141824K, 52% used [0x00000000a0000000,0x00000000a483d628,0x00000000a8a80000)
 Metaspace       used 86191K, capacity 90288K, committed 90392K, reserved 1128448K
  class space    used 11281K, capacity 12055K, committed 12056K, reserved 1048576K
GC Heap History (10 events):
Event: 16.026 GC heap before
{Heap before GC invocations=17 (full 3):
 PSYoungGen      total 179712K, used 177593K [0x00000000e0000000, 0x00000000ee100000, 0x0000000100000000)
  eden space 161280K, 100% used [0x00000000e0000000,0x00000000e9d80000,0x00000000e9d80000)
  from space 18432K, 88% used [0x00000000e9d80000,0x00000000ead6e618,0x00000000eaf80000)
  to   space 19968K, 0% used [0x00000000ecd80000,0x00000000ecd80000,0x00000000ee100000)
 ParOldGen       total 141824K, used 32242K [0x00000000a0000000, 0x00000000a8a80000, 0x00000000e0000000)
  object space 141824K, 22% used [0x00000000a0000000,0x00000000a1f7ca88,0x00000000a8a80000)
 Metaspace       used 64583K, capacity 66806K, committed 66968K, reserved 1107968K
  class space    used 8743K, capacity 9263K, committed 9368K, reserved 1048576K
Event: 16.056 GC heap after
Heap after GC invocations=17 (full 3):
 PSYoungGen      total 204800K, used 19936K [0x00000000e0000000, 0x00000000eea80000, 0x0000000100000000)
  eden space 184832K, 0% used [0x00000000e0000000,0x00000000e0000000,0x00000000eb480000)
  from space 19968K, 99% used [0x00000000ecd80000,0x00000000ee0f8020,0x00000000ee100000)
  to   space 25600K, 0% used [0x00000000eb480000,0x00000000eb480000,0x00000000ecd80000)
 ParOldGen       total 141824K, used 39191K [0x00000000a0000000, 0x00000000a8a80000, 0x00000000e0000000)
  object space 141824K, 27% used [0x00000000a0000000,0x00000000a2645ef8,0x00000000a8a80000)
 Metaspace       used 64583K, capacity 66806K, committed 66968K, reserved 1107968K
  class space    used 8743K, capacity 9263K, committed 9368K, reserved 1048576K
}
Event: 18.595 GC heap before
{Heap before GC invocations=18 (full 3):
 PSYoungGen      total 204800K, used 204768K [0x00000000e0000000, 0x00000000eea80000, 0x0000000100000000)
  eden space 184832K, 100% used [0x00000000e0000000,0x00000000eb480000,0x00000000eb480000)
  from space 19968K, 99% used [0x00000000ecd80000,0x00000000ee0f8020,0x00000000ee100000)
  to   space 25600K, 0% used [0x00000000eb480000,0x00000000eb480000,0x00000000ecd80000)
 ParOldGen       total 141824K, used 39191K [0x00000000a0000000, 0x00000000a8a80000, 0x00000000e0000000)
  object space 141824K, 27% used [0x00000000a0000000,0x00000000a2645ef8,0x00000000a8a80000)
 Metaspace       used 72408K, capacity 75442K, committed 75800K, reserved 1114112K
  class space    used 9795K, capacity 10406K, committed 10520K, reserved 1048576K
Event: 18.655 GC heap after
Heap after GC invocations=18 (full 3):
 PSYoungGen      total 210432K, used 22265K [0x00000000e0000000, 0x00000000eea80000, 0x0000000100000000)
  eden space 184832K, 0% used [0x00000000e0000000,0x00000000e0000000,0x00000000eb480000)
  from space 25600K, 86% used [0x00000000eb480000,0x00000000eca3e680,0x00000000ecd80000)
  to   space 19968K, 0% used [0x00000000ecd80000,0x00000000ecd80000,0x00000000ee100000)
 ParOldGen       total 141824K, used 50967K [0x00000000a0000000, 0x00000000a8a80000, 0x00000000e0000000)
  object space 141824K, 35% used [0x00000000a0000000,0x00000000a31c5fb8,0x00000000a8a80000)
 Metaspace       used 72408K, capacity 75442K, committed 75800K, reserved 1114112K
  class space    used 9795K, capacity 10406K, committed 10520K, reserved 1048576K
}
Event: 86.804 GC heap before
{Heap before GC invocations=19 (full 3):
 PSYoungGen      total 210432K, used 207097K [0x00000000e0000000, 0x00000000eea80000, 0x0000000100000000)
  eden space 184832K, 100% used [0x00000000e0000000,0x00000000eb480000,0x00000000eb480000)
  from space 25600K, 86% used [0x00000000eb480000,0x00000000eca3e680,0x00000000ecd80000)
  to   space 19968K, 0% used [0x00000000ecd80000,0x00000000ecd80000,0x00000000ee100000)
 ParOldGen       total 141824K, used 50967K [0x00000000a0000000, 0x00000000a8a80000, 0x00000000e0000000)
  object space 141824K, 35% used [0x00000000a0000000,0x00000000a31c5fb8,0x00000000a8a80000)
 Metaspace       used 80014K, capacity 83330K, committed 83352K, reserved 1122304K
  class space    used 10522K, capacity 11159K, committed 11160K, reserved 1048576K
Event: 86.838 GC heap after
Heap after GC invocations=19 (full 3):
 PSYoungGen      total 197120K, used 19945K [0x00000000e0000000, 0x00000000f1080000, 0x0000000100000000)
  eden space 177152K, 0% used [0x00000000e0000000,0x00000000e0000000,0x00000000ead00000)
  from space 19968K, 99% used [0x00000000ecd80000,0x00000000ee0fa5d0,0x00000000ee100000)
  to   space 33280K, 0% used [0x00000000ead00000,0x00000000ead00000,0x00000000ecd80000)
 ParOldGen       total 141824K, used 61947K [0x00000000a0000000, 0x00000000a8a80000, 0x00000000e0000000)
  object space 141824K, 43% used [0x00000000a0000000,0x00000000a3c7ee38,0x00000000a8a80000)
 Metaspace       used 80014K, capacity 83330K, committed 83352K, reserved 1122304K
  class space    used 10522K, capacity 11159K, committed 11160K, reserved 1048576K
}
Event: 280.868 GC heap before
{Heap before GC invocations=20 (full 3):
 PSYoungGen      total 197120K, used 197097K [0x00000000e0000000, 0x00000000f1080000, 0x0000000100000000)
  eden space 177152K, 100% used [0x00000000e0000000,0x00000000ead00000,0x00000000ead00000)
  from space 19968K, 99% used [0x00000000ecd80000,0x00000000ee0fa5d0,0x00000000ee100000)
  to   space 33280K, 0% used [0x00000000ead00000,0x00000000ead00000,0x00000000ecd80000)
 ParOldGen       total 141824K, used 61947K [0x00000000a0000000, 0x00000000a8a80000, 0x00000000e0000000)
  object space 141824K, 43% used [0x00000000a0000000,0x00000000a3c7ee38,0x00000000a8a80000)
 Metaspace       used 82465K, capacity 86290K, committed 86424K, reserved 1124352K
  class space    used 10868K, capacity 11606K, committed 11672K, reserved 1048576K
Event: 280.905 GC heap after
Heap after GC invocations=20 (full 3):
 PSYoungGen      total 210432K, used 16785K [0x00000000e0000000, 0x00000000efa00000, 0x0000000100000000)
  eden space 177152K, 0% used [0x00000000e0000000,0x00000000e0000000,0x00000000ead00000)
  from space 33280K, 50% used [0x00000000ead00000,0x00000000ebd64638,0x00000000ecd80000)
  to   space 32256K, 0% used [0x00000000eda80000,0x00000000eda80000,0x00000000efa00000)
 ParOldGen       total 141824K, used 73965K [0x00000000a0000000, 0x00000000a8a80000, 0x00000000e0000000)
  object space 141824K, 52% used [0x00000000a0000000,0x00000000a483b628,0x00000000a8a80000)
 Metaspace       used 82465K, capacity 86290K, committed 86424K, reserved 1124352K
  class space    used 10868K, capacity 11606K, committed 11672K, reserved 1048576K
}
Event: 292.662 GC heap before
{Heap before GC invocations=21 (full 3):
 PSYoungGen      total 210432K, used 193937K [0x00000000e0000000, 0x00000000efa00000, 0x0000000100000000)
  eden space 177152K, 100% used [0x00000000e0000000,0x00000000ead00000,0x00000000ead00000)
  from space 33280K, 50% used [0x00000000ead00000,0x00000000ebd64638,0x00000000ecd80000)
  to   space 32256K, 0% used [0x00000000eda80000,0x00000000eda80000,0x00000000efa00000)
 ParOldGen       total 141824K, used 73965K [0x00000000a0000000, 0x00000000a8a80000, 0x00000000e0000000)
  object space 141824K, 52% used [0x00000000a0000000,0x00000000a483b628,0x00000000a8a80000)
 Metaspace       used 86190K, capacity 90288K, committed 90392K, reserved 1128448K
  class space    used 11281K, capacity 12055K, committed 12056K, reserved 1048576K
Event: 292.866 GC heap after
Heap after GC invocations=21 (full 3):
 PSYoungGen      total 223232K, used 20525K [0x00000000e0000000, 0x00000000efc80000, 0x0000000100000000)
  eden space 190976K, 0% used [0x00000000e0000000,0x00000000e0000000,0x00000000eba80000)
  from space 32256K, 63% used [0x00000000eda80000,0x00000000eee8b660,0x00000000efa00000)
  to   space 32768K, 0% used [0x00000000eba80000,0x00000000eba80000,0x00000000eda80000)
 ParOldGen       total 141824K, used 73973K [0x00000000a0000000, 0x00000000a8a80000, 0x00000000e0000000)
  object space 141824K, 52% used [0x00000000a0000000,0x00000000a483d628,0x00000000a8a80000)
 Metaspace       used 86190K, capacity 90288K, committed 90392K, reserved 1128448K
  class space    used 11281K, capacity 12055K, committed 12056K, reserved 1048576K
}

